This is pdfTeX, Version 3.14159265-2.6-1.40.15 (TeX Live 2014/Arch Linux) (preloaded format=pdflatex 2015.3.16)  24 MAY 2015 20:47
entering extended mode
 restricted \write18 enabled.
 %&-line parsing enabled.
**/home/diman/Documents/Docs/LyX/Diplom/Diplom.tex
(/home/diman/Documents/Docs/LyX/Diplom/Diplom.tex
LaTeX2e <2014/05/01>
Babel <3.9k> and hyphenation patterns for 79 languages loaded.
(/home/diman/texmf/tex/latex/eskdx/eskdtext.cls
Document Class: eskdtext 2010/01/14 v0.98 Textual Documentation
(/usr/share/texmf-dist/tex/latex/extsizes/extarticle.cls
Document Class: extarticle 1996/10/08 v1.0 Non Standard LaTeX document class
(/usr/share/texmf-dist/tex/latex/extsizes/size14.clo
File: size14.clo 1999/11/11 v1.4a NON-Standard LaTeX file (size option)
)
(/usr/share/texmf-dist/tex/latex/base/exscale.sty
Package: exscale 2014/09/29 v2.1h Standard LaTeX package exscale
LaTeX Font Info:    Redeclaring symbol font `largesymbols' on input line 52.
LaTeX Font Info:    Overwriting symbol font `largesymbols' in version `normal'
(Font)                  OMX/cmex/m/n --> OMX/cmex/m/n on input line 52.
LaTeX Font Info:    Overwriting symbol font `largesymbols' in version `bold'
(Font)                  OMX/cmex/m/n --> OMX/cmex/m/n on input line 52.
\big@size=\dimen102
)
\c@part=\count79
\c@section=\count80
\c@subsection=\count81
\c@subsubsection=\count82
\c@paragraph=\count83
\c@subparagraph=\count84
\c@figure=\count85
\c@table=\count86
\abovecaptionskip=\skip41
\belowcaptionskip=\skip42
\bibindent=\dimen103
)
(/home/diman/texmf/tex/latex/eskdx/eskdlang.sty
Package: eskdlang 2010/01/14 v0.98 Language

(/usr/share/texmf-dist/tex/generic/babel/babel.sty
Package: babel 2014/09/25 3.9l The Babel package

(/usr/share/texmf-dist/tex/generic/babel/switch.def
File: switch.def 2014/09/25 3.9l Babel switching mechanism
)
(/usr/share/texmf-dist/tex/generic/babel-russian/russianb.ldf
Language: russianb 2014/10/21 1.3f Russian support for the Babel system

(/usr/share/texmf-dist/tex/generic/babel/babel.def
File: babel.def 2014/09/25 3.9l Babel common definitions
\babel@savecnt=\count87
\U@D=\dimen104
)

Package babel Warning: No Cyrillic font encoding has been loaded so far.
(babel)                A font encoding should be declared before babel.
(babel)                Default `T2A' encoding will be loaded  on input line 69.


(/usr/share/texmf-dist/tex/latex/cyrillic/t2aenc.def
File: t2aenc.def 2005/09/27 v1.0i Cyrillic encoding definition file
)

Package babel Warning: No input encoding specified for Russian language on inpu
t line 110.

Package babel Info: Making " an active character on input line 111.
)) (/home/diman/texmf/tex/latex/eskdx/eskdrussian.def
File: eskdrussian.def 2010/01/17 v0.98 Language File
\ESKDexplanWidth=\skip43
))
(/home/diman/texmf/tex/latex/eskdx/eskdstamp.sty
Package: eskdstamp 2011/05/06 v0.98 Stamp GOST 2.104-68

(/usr/share/texmf-dist/tex/latex/tools/calc.sty
Package: calc 2014/10/28 v4.3 Infix arithmetic (KKT,FJ)
\calc@Acount=\count88
\calc@Bcount=\count89
\calc@Adimen=\dimen105
\calc@Bdimen=\dimen106
\calc@Askip=\skip44
\calc@Bskip=\skip45
LaTeX Info: Redefining \setlength on input line 75.
LaTeX Info: Redefining \addtolength on input line 76.
\calc@Ccount=\count90
\calc@Cskip=\skip46
)
\ESKD@margin@si=\skip47
\ESKD@margin@so=\skip48
\ESKD@margin@t=\skip49
\ESKD@margin@b=\skip50
\ESKDlineThick=\skip51
\ESKDlineThin=\skip52
\ESKD@padding@h=\skip53
\ESKD@padding@v=\skip54

(/usr/share/texmf-dist/tex/latex/graphics/keyval.sty
Package: keyval 2014/10/28 v1.15 key=value parser (DPC)
\KV@toks@=\toks14
)
(/usr/share/texmf-dist/tex/latex/geometry/geometry.sty
Package: geometry 2010/09/12 v5.6 Page Geometry

(/usr/share/texmf-dist/tex/generic/oberdiek/ifpdf.sty
Package: ifpdf 2011/01/30 v2.3 Provides the ifpdf switch (HO)
Package ifpdf Info: pdfTeX in PDF mode is detected.
)
(/usr/share/texmf-dist/tex/generic/oberdiek/ifvtex.sty
Package: ifvtex 2010/03/01 v1.5 Detect VTeX and its facilities (HO)
Package ifvtex Info: VTeX not detected.
)
(/usr/share/texmf-dist/tex/generic/ifxetex/ifxetex.sty
Package: ifxetex 2010/09/12 v0.6 Provides ifxetex conditional
)
\Gm@cnth=\count91
\Gm@cntv=\count92
\c@Gm@tempcnt=\count93
\Gm@bindingoffset=\dimen107
\Gm@wd@mp=\dimen108
\Gm@odd@mp=\dimen109
\Gm@even@mp=\dimen110
\Gm@layoutwidth=\dimen111
\Gm@layoutheight=\dimen112
\Gm@layouthoffset=\dimen113
\Gm@layoutvoffset=\dimen114
\Gm@dimlist=\toks15
)
(/usr/share/texmf-dist/tex/latex/lastpage/lastpage.sty
Package: lastpage 2015/03/29 v1.2m Refers to last page's name (HMM; JPG)
)
\ESKD@tmpdima=\skip55
\ESKD@tmpdimb=\skip56
\ESKD@tmpdimc=\skip57
\ESKD@tmpcnta=\count94
\ESKD@tmpcntb=\count95
\ESKD@zonelabel@hc=\count96
\ESKD@zonelabel@vc=\count97
\ESKD@zonelabel@hs=\skip58
\ESKD@zonelabel@vs=\skip59
\ESKD@zonelabel@cnt=\count98
\ESKD@origin@x=\skip60
\ESKD@origin@y=\skip61
\ESKDframeX=\skip62
\ESKDframeY=\skip63
\ESKDframeW=\skip64
\ESKDframeH=\skip65
\ESKDstampX=\skip66
\ESKDstampY=\skip67

(/home/diman/texmf/tex/latex/eskdx/eskdfont.sty
Package: eskdfont 2010/01/14 v0.98 Font Definitions
)
(/usr/share/texmf-dist/tex/latex/rotating/rotating.sty
Package: rotating 2009/03/28 v2.16a rotated objects in LaTeX

(/usr/share/texmf-dist/tex/latex/graphics/graphicx.sty
Package: graphicx 2014/10/28 v1.0g Enhanced LaTeX Graphics (DPC,SPQR)

(/usr/share/texmf-dist/tex/latex/graphics/graphics.sty
Package: graphics 2014/10/28 v1.0p Standard LaTeX Graphics (DPC,SPQR)

(/usr/share/texmf-dist/tex/latex/graphics/trig.sty
Package: trig 1999/03/16 v1.09 sin cos tan (DPC)
)
(/usr/share/texmf-dist/tex/latex/latexconfig/graphics.cfg
File: graphics.cfg 2010/04/23 v1.9 graphics configuration of TeX Live
)
Package graphics Info: Driver file: pdftex.def on input line 91.

(/usr/share/texmf-dist/tex/latex/pdftex-def/pdftex.def
File: pdftex.def 2011/05/27 v0.06d Graphics/color for pdfTeX

(/usr/share/texmf-dist/tex/generic/oberdiek/infwarerr.sty
Package: infwarerr 2010/04/08 v1.3 Providing info/warning/error messages (HO)
)
(/usr/share/texmf-dist/tex/generic/oberdiek/ltxcmds.sty
Package: ltxcmds 2011/11/09 v1.22 LaTeX kernel commands for general use (HO)
)
\Gread@gobject=\count99
))
\Gin@req@height=\dimen115
\Gin@req@width=\dimen116
)
(/usr/share/texmf-dist/tex/latex/base/ifthen.sty
Package: ifthen 2014/09/29 v1.1c Standard LaTeX ifthen package (DPC)
)
\c@r@tfl@t=\count100
\rotFPtop=\skip68
\rotFPbot=\skip69
\rot@float@box=\box26
\rot@mess@toks=\toks16
)
\ESKD@frame@box=\box27
\ESKD@stamp@i@box=\box28
\ESKD@stamp@ii@box=\box29
\ESKD@stamp@ii@a@box=\box30
\ESKD@stamp@ii@b@box=\box31

(/home/diman/texmf/tex/latex/eskdx/eskdhash.sty
Package: eskdhash 2010/01/14 v0.98 Hash Routines
)
\ESKD@hash@c@@style@draw@empty=\count101
\ESKD@hash@p@@style@draw@empty=\count102
\ESKD@hash@c@@style@draw@title=\count103
\ESKD@hash@p@@style@draw@title=\count104
\ESKD@hash@c@@style@draw@formI=\count105
\ESKD@hash@p@@style@draw@formI=\count106
\ESKD@hash@c@@style@draw@formII=\count107
\ESKD@hash@p@@style@draw@formII=\count108
\ESKD@hash@c@@style@draw@formIIab=\count109
\ESKD@hash@p@@style@draw@formIIab=\count110
\ESKD@curpad@h=\skip70
\ESKD@curpad@v=\skip71

(/usr/share/texmf-dist/tex/latex/ms/everyshi.sty
Package: everyshi 2001/05/15 v3.00 EveryShipout Package (MS)
)
(/usr/share/texmf-dist/tex/latex/changepage/chngpage.sty
Package: chngpage 2009/10/20 v1.2b change page layout
\c@cp@cnt=\count111
\c@cp@tempcnt=\count112
)
(/home/diman/texmf/tex/latex/eskdx/eskdinfo.sty
Package: eskdinfo 2010/01/14 v0.98 Document Information

(/home/diman/texmf/tex/latex/eskdx/eskdafterpkg.sty
Package: eskdafterpkg 2010/01/14 v0.98 Apply Commands After Package
)
After Package Info: Collect commands for hyperref on input line 99
))
(/home/diman/texmf/tex/latex/eskdx/eskdindent.sty
Package: eskdindent 2010/01/14 v0.98 Paragraph Indent

(/usr/share/texmf-dist/tex/latex/tools/indentfirst.sty
Package: indentfirst 1995/11/23 v1.03 Indent first paragraph (DPC)
))
(/home/diman/texmf/tex/latex/eskdx/eskdlist.sty
Package: eskdlist 2010/01/14 v0.98 List
)
(/home/diman/texmf/tex/latex/eskdx/eskdsect.sty
Package: eskdsect 2010/01/14 v0.98 Sectioning
\ESKDsectionSkipBefore=\skip72
\ESKDsectionSkipAfter=\skip73
\ESKDsubsectionSkipBefore=\skip74
\ESKDsubsectionSkipAfter=\skip75
\ESKDsubsubsectionSkipBefore=\skip76
\ESKDsubsubsectionSkipAfter=\skip77
\c@point=\count113
\c@subpoint=\count114
\c@subsubpoint=\count115
\c@appendix=\count116
\ESKDappendixSkip=\skip78
)
(/home/diman/texmf/tex/latex/eskdx/eskdcap.sty
Package: eskdcap 2010/01/14 v0.98 Captions

(/usr/share/texmf-dist/tex/latex/caption/caption.sty
Package: caption 2013/05/02 v3.3-89 Customizing captions (AR)

(/usr/share/texmf-dist/tex/latex/caption/caption3.sty
Package: caption3 2013/05/02 v1.6-88 caption3 kernel (AR)
Package caption3 Info: TeX engine: e-TeX on input line 57.
\captionmargin=\dimen117
\captionmargin@=\dimen118
\captionwidth=\dimen119
\caption@tempdima=\dimen120
\caption@indent=\dimen121
\caption@parindent=\dimen122
\caption@hangindent=\dimen123
)
\c@ContinuedFloat=\count117
Package caption Info: rotating package is loaded.
))
(/home/diman/texmf/tex/latex/eskdx/eskdfootnote.sty
Package: eskdfootnote 2010/01/14 v0.98 Footnote Settings

(/usr/share/texmf-dist/tex/latex/amsmath/amsmath.sty
Package: amsmath 2013/01/14 v2.14 AMS math features
\@mathmargin=\skip79

For additional information on amsmath, use the `?' option.
(/usr/share/texmf-dist/tex/latex/amsmath/amstext.sty
Package: amstext 2000/06/29 v2.01

(/usr/share/texmf-dist/tex/latex/amsmath/amsgen.sty
File: amsgen.sty 1999/11/30 v2.0
\@emptytoks=\toks17
\ex@=\dimen124
))
(/usr/share/texmf-dist/tex/latex/amsmath/amsbsy.sty
Package: amsbsy 1999/11/29 v1.2d
\pmbraise@=\dimen125
)
(/usr/share/texmf-dist/tex/latex/amsmath/amsopn.sty
Package: amsopn 1999/12/14 v2.01 operator names
)
\inf@bad=\count118
LaTeX Info: Redefining \frac on input line 210.
\uproot@=\count119
\leftroot@=\count120
LaTeX Info: Redefining \overline on input line 306.
\classnum@=\count121
\DOTSCASE@=\count122
LaTeX Info: Redefining \ldots on input line 378.
LaTeX Info: Redefining \dots on input line 381.
LaTeX Info: Redefining \cdots on input line 466.
\Mathstrutbox@=\box32
\strutbox@=\box33
\big@size=\dimen126
LaTeX Font Info:    Redeclaring font encoding OML on input line 566.
LaTeX Font Info:    Redeclaring font encoding OMS on input line 567.
\macc@depth=\count123
\c@MaxMatrixCols=\count124
\dotsspace@=\muskip10
\c@parentequation=\count125
\dspbrk@lvl=\count126
\tag@help=\toks18
\row@=\count127
\column@=\count128
\maxfields@=\count129
\andhelp@=\toks19
\eqnshift@=\dimen127
\alignsep@=\dimen128
\tagshift@=\dimen129
\tagwidth@=\dimen130
\totwidth@=\dimen131
\lineht@=\dimen132
\@envbody=\toks20
\multlinegap=\skip80
\multlinetaggap=\skip81
\mathdisplay@stack=\toks21
LaTeX Info: Redefining \[ on input line 2665.
LaTeX Info: Redefining \] on input line 2666.
)
(/usr/share/texmf-dist/tex/latex/oberdiek/zref-perpage.sty
Package: zref-perpage 2012/04/04 v2.24 Module perpage for zref (HO)

(/usr/share/texmf-dist/tex/latex/oberdiek/zref-base.sty
Package: zref-base 2012/04/04 v2.24 Module base for zref (HO)

(/usr/share/texmf-dist/tex/generic/oberdiek/kvsetkeys.sty
Package: kvsetkeys 2012/04/25 v1.16 Key value parser (HO)

(/usr/share/texmf-dist/tex/generic/oberdiek/etexcmds.sty
Package: etexcmds 2011/02/16 v1.5 Avoid name clashes with e-TeX commands (HO)

(/usr/share/texmf-dist/tex/generic/oberdiek/ifluatex.sty
Package: ifluatex 2010/03/01 v1.3 Provides the ifluatex switch (HO)
Package ifluatex Info: LuaTeX not detected.
)
Package etexcmds Info: Could not find \expanded.
(etexcmds)             That can mean that you are not using pdfTeX 1.50 or
(etexcmds)             that some package has redefined \expanded.
(etexcmds)             In the latter case, load this package earlier.
))
(/usr/share/texmf-dist/tex/generic/oberdiek/kvdefinekeys.sty
Package: kvdefinekeys 2011/04/07 v1.3 Define keys (HO)
)
(/usr/share/texmf-dist/tex/generic/oberdiek/pdftexcmds.sty
Package: pdftexcmds 2011/11/29 v0.20 Utility functions of pdfTeX for LuaTeX (HO
)
Package pdftexcmds Info: LuaTeX not detected.
Package pdftexcmds Info: \pdf@primitive is available.
Package pdftexcmds Info: \pdf@ifprimitive is available.
Package pdftexcmds Info: \pdfdraftmode found.
)
(/usr/share/texmf-dist/tex/latex/oberdiek/auxhook.sty
Package: auxhook 2011/03/04 v1.3 Hooks for auxiliary files (HO)
)
Package zref Info: New property list: main on input line 759.
Package zref Info: New property: default on input line 760.
Package zref Info: New property: page on input line 761.
)
(/usr/share/texmf-dist/tex/latex/oberdiek/zref-abspage.sty
Package: zref-abspage 2012/04/04 v2.24 Module abspage for zref (HO)

(/usr/share/texmf-dist/tex/generic/oberdiek/atbegshi.sty
Package: atbegshi 2011/10/05 v1.16 At begin shipout hook (HO)
)
\c@abspage=\count130
Package zref Info: New property: abspage on input line 62.
)
Package zref Info: New property: pagevalue on input line 54.
Package zref Info: New property list: perpage on input line 55.
\c@zpage=\count131
\c@zref@unique=\count132
))
(/home/diman/texmf/tex/latex/eskdx/eskdbiblist.sty
Package: eskdbiblist 2010/01/14 v0.98 Bibliography List
)
(/home/diman/texmf/tex/latex/eskdx/eskdexplan.sty
Package: eskdexplan 2010/01/19 v0.98 ESKD Explanation
\ESKDexplanIndent=\skip82
)
(/home/diman/texmf/tex/latex/eskdx/eskdtitlebase.sty
Package: eskdtitlebase 2010/01/14 v0.98 Base Title Commands
\ESKD@title@agreed@cnt=\count133
\ESKD@title@designed@cnt=\count134
)
(/home/diman/texmf/tex/latex/eskdx/eskdtitle.sty
Package: eskdtitle 2010/01/14 v0.98 Title GOST 2.105
))
(/usr/share/texmf-dist/tex/latex/base/fontenc.sty
Package: fontenc 2005/09/27 v1.99g Standard LaTeX package

(/usr/share/texmf-dist/tex/latex/cyrillic/t2aenc.def
File: t2aenc.def 2005/09/27 v1.0i Cyrillic encoding definition file
LaTeX Font Info:    Redeclaring font encoding T2A on input line 38.
)
(/usr/share/texmf-dist/tex/latex/base/t1enc.def
File: t1enc.def 2005/09/27 v1.99g Standard LaTeX file
LaTeX Font Info:    Redeclaring font encoding T1 on input line 43.
))
(/usr/share/texmf-dist/tex/latex/base/inputenc.sty
Package: inputenc 2014/04/30 v1.2b Input encoding file
\inpenc@prehook=\toks22
\inpenc@posthook=\toks23

(/usr/share/texmf-dist/tex/latex/cyrillic/koi8-r.def
File: koi8-r.def 1999/11/16 v1.0d Input encoding file
))
(/usr/share/texmf-dist/tex/latex/setspace/setspace.sty
Package: setspace 2011/12/19 v6.7a set line spacing
)
(/usr/share/texmf-dist/tex/latex/hyperref/hyperref.sty
Package: hyperref 2012/11/06 v6.83m Hypertext links for LaTeX

(/usr/share/texmf-dist/tex/generic/oberdiek/hobsub-hyperref.sty
Package: hobsub-hyperref 2012/05/28 v1.13 Bundle oberdiek, subset hyperref (HO)


(/usr/share/texmf-dist/tex/generic/oberdiek/hobsub-generic.sty
Package: hobsub-generic 2012/05/28 v1.13 Bundle oberdiek, subset generic (HO)
Package: hobsub 2012/05/28 v1.13 Construct package bundles (HO)
Package hobsub Info: Skipping package `infwarerr' (already loaded).
Package hobsub Info: Skipping package `ltxcmds' (already loaded).
Package hobsub Info: Skipping package `ifluatex' (already loaded).
Package hobsub Info: Skipping package `ifvtex' (already loaded).
Package: intcalc 2007/09/27 v1.1 Expandable calculations with integers (HO)
Package hobsub Info: Skipping package `ifpdf' (already loaded).
Package hobsub Info: Skipping package `etexcmds' (already loaded).
Package hobsub Info: Skipping package `kvsetkeys' (already loaded).
Package hobsub Info: Skipping package `kvdefinekeys' (already loaded).
Package hobsub Info: Skipping package `pdftexcmds' (already loaded).
Package: pdfescape 2011/11/25 v1.13 Implements pdfTeX's escape features (HO)
Package: bigintcalc 2012/04/08 v1.3 Expandable calculations on big integers (HO
)
Package: bitset 2011/01/30 v1.1 Handle bit-vector datatype (HO)
Package: uniquecounter 2011/01/30 v1.2 Provide unlimited unique counter (HO)
)
Package hobsub Info: Skipping package `hobsub' (already loaded).
Package: letltxmacro 2010/09/02 v1.4 Let assignment for LaTeX macros (HO)
Package: hopatch 2012/05/28 v1.2 Wrapper for package hooks (HO)
Package: xcolor-patch 2011/01/30 xcolor patch
Package: atveryend 2011/06/30 v1.8 Hooks at the very end of document (HO)
Package atveryend Info: \enddocument detected (standard20110627).
Package hobsub Info: Skipping package `atbegshi' (already loaded).
Package: refcount 2011/10/16 v3.4 Data extraction from label references (HO)
Package: hycolor 2011/01/30 v1.7 Color options for hyperref/bookmark (HO)
)
(/usr/share/texmf-dist/tex/latex/oberdiek/kvoptions.sty
Package: kvoptions 2011/06/30 v3.11 Key value format for package options (HO)
)
\@linkdim=\dimen133
\Hy@linkcounter=\count135
\Hy@pagecounter=\count136

(/usr/share/texmf-dist/tex/latex/hyperref/pd1enc.def
File: pd1enc.def 2012/11/06 v6.83m Hyperref: PDFDocEncoding definition (HO)
)
\Hy@SavedSpaceFactor=\count137
Package hyperref Info: Option `unicode' set `true' on input line 3411.

(/usr/share/texmf-dist/tex/latex/hyperref/puenc.def
File: puenc.def 2012/11/06 v6.83m Hyperref: PDF Unicode definition (HO)
)
(/usr/share/texmf-dist/tex/latex/latexconfig/hyperref.cfg
File: hyperref.cfg 2002/06/06 v1.2 hyperref configuration of TeXLive
)
Package hyperref Info: Option `unicode' set `true' on input line 4319.
Package hyperref Info: Hyper figures OFF on input line 4443.
Package hyperref Info: Link nesting OFF on input line 4448.
Package hyperref Info: Hyper index ON on input line 4451.
Package hyperref Info: Plain pages OFF on input line 4458.
Package hyperref Info: Backreferencing OFF on input line 4463.
Package hyperref Info: Implicit mode ON; LaTeX internals redefined.
Package hyperref Info: Bookmarks ON on input line 4688.
\c@Hy@tempcnt=\count138

(/usr/share/texmf-dist/tex/latex/url/url.sty
\Urlmuskip=\muskip11
Package: url 2013/09/16  ver 3.4  Verb mode for urls, etc.
)
LaTeX Info: Redefining \url on input line 5041.
\XeTeXLinkMargin=\dimen134
\Fld@menulength=\count139
\Field@Width=\dimen135
\Fld@charsize=\dimen136
Package hyperref Info: Hyper figures OFF on input line 6295.
Package hyperref Info: Link nesting OFF on input line 6300.
Package hyperref Info: Hyper index ON on input line 6303.
Package hyperref Info: backreferencing OFF on input line 6310.
Package hyperref Info: Link coloring OFF on input line 6315.
Package hyperref Info: Link coloring with OCG OFF on input line 6320.
Package hyperref Info: PDF/A mode OFF on input line 6325.
LaTeX Info: Redefining \ref on input line 6365.
LaTeX Info: Redefining \pageref on input line 6369.
\Hy@abspage=\count140
\c@Item=\count141
\c@Hfootnote=\count142
)

Package hyperref Message: Driver (autodetected): hpdftex.

(/usr/share/texmf-dist/tex/latex/hyperref/hpdftex.def
File: hpdftex.def 2012/11/06 v6.83m Hyperref driver for pdfTeX
\HyAnn@Count=\count143
\Fld@listcount=\count144
\c@bookmark@seq@number=\count145

(/usr/share/texmf-dist/tex/latex/oberdiek/rerunfilecheck.sty
Package: rerunfilecheck 2011/04/15 v1.7 Rerun checks for auxiliary files (HO)
Package uniquecounter Info: New unique counter `rerunfilecheck' on input line 2
82.
)
\Hy@SectionHShift=\skip83
)
After Package Info: Apply commands to hyperref on input line 15
Package hyperref Info: Option `breaklinks' set `true' on input line 15.

(/home/diman/texmf/tex/latex/eskdx/Diplom.aux
LaTeX Font Info:    Try loading font information for T2A+cmr on input line 21.

(/usr/share/texmf-dist/tex/latex/cyrillic/t2acmr.fd
File: t2acmr.fd 2001/08/11 v1.0a Computer Modern Cyrillic font definitions
))
\openout1 = `Diplom.aux'.

LaTeX Font Info:    Checking defaults for OML/cmm/m/it on input line 89.
LaTeX Font Info:    ... okay on input line 89.
LaTeX Font Info:    Checking defaults for T1/cmr/m/n on input line 89.
LaTeX Font Info:    ... okay on input line 89.
LaTeX Font Info:    Checking defaults for OT1/cmr/m/n on input line 89.
LaTeX Font Info:    ... okay on input line 89.
LaTeX Font Info:    Checking defaults for OMS/cmsy/m/n on input line 89.
LaTeX Font Info:    ... okay on input line 89.
LaTeX Font Info:    Checking defaults for OMX/cmex/m/n on input line 89.
LaTeX Font Info:    ... okay on input line 89.
LaTeX Font Info:    Checking defaults for U/cmr/m/n on input line 89.
LaTeX Font Info:    ... okay on input line 89.
LaTeX Font Info:    Checking defaults for T2A/cmr/m/n on input line 89.
LaTeX Font Info:    ... okay on input line 89.
LaTeX Font Info:    Checking defaults for PD1/pdf/m/n on input line 89.
LaTeX Font Info:    ... okay on input line 89.
LaTeX Font Info:    Checking defaults for PU/pdf/m/n on input line 89.
LaTeX Font Info:    ... okay on input line 89.

*geometry* driver: auto-detecting
*geometry* detected driver: pdftex
*geometry* verbose mode - [ preamble ] result:
* driver: pdftex
* paper: a4paper
* layout: <same size as paper>
* layoutoffset:(h,v)=(0.0pt,0.0pt)
* modes: 
* h-part:(L,W,R)=(65.44131pt, 509.30438pt, 22.76218pt)
* v-part:(T,H,B)=(42.67911pt, 759.68863pt, 42.67911pt)
* \paperwidth=597.50787pt
* \paperheight=845.04684pt
* \textwidth=509.30438pt
* \textheight=717.0095pt
* \oddsidemargin=-6.82867pt
* \evensidemargin=-6.82867pt
* \topmargin=-29.59088pt
* \headheight=0.0pt
* \headsep=0.0pt
* \topskip=14.0pt
* \footskip=0.0pt
* \marginparwidth=24.0pt
* \marginparsep=10.0pt
* \columnsep=10.0pt
* \skip\footins=12.0pt plus 4.0pt minus 2.0pt
* \hoffset=0.0pt
* \voffset=0.0pt
* \mag=1000
* \@twocolumnfalse
* \@twosidefalse
* \@mparswitchfalse
* \@reversemarginfalse
* (1in=72.27pt=25.4mm, 1cm=28.453pt)

Package lastpage Info: Please have a look at the pageslts package at
(lastpage)             https://www.ctan.org/pkg/pageslts
(lastpage)             ! on input line 89.
(/usr/share/texmf-dist/tex/context/base/supp-pdf.mkii
[Loading MPS to PDF converter (version 2006.09.02).]
\scratchcounter=\count146
\scratchdimen=\dimen137
\scratchbox=\box34
\nofMPsegments=\count147
\nofMParguments=\count148
\everyMPshowfont=\toks24
\MPscratchCnt=\count149
\MPscratchDim=\dimen138
\MPnumerator=\count150
\makeMPintoPDFobject=\count151
\everyMPtoPDFconversion=\toks25
) (/usr/share/texmf-dist/tex/latex/oberdiek/epstopdf-base.sty
Package: epstopdf-base 2010/02/09 v2.5 Base part for package epstopdf

(/usr/share/texmf-dist/tex/latex/oberdiek/grfext.sty
Package: grfext 2010/08/19 v1.1 Manage graphics extensions (HO)
)
Package grfext Info: Graphics extension search list:
(grfext)             [.png,.pdf,.jpg,.mps,.jpeg,.jbig2,.jb2,.PNG,.PDF,.JPG,.JPE
G,.JBIG2,.JB2,.eps]
(grfext)             \AppendGraphicsExtensions on input line 452.

(/usr/share/texmf-dist/tex/latex/latexconfig/epstopdf-sys.cfg
File: epstopdf-sys.cfg 2010/07/13 v1.3 Configuration of (r)epstopdf for TeX Liv
e
))

LaTeX Font Warning: Font shape `T2A/cmr/m/n' in size <20> not available
(Font)              size <20.74> substituted on input line 89.


LaTeX Font Warning: Font shape `T2A/cmr/m/sl' in size <20> not available
(Font)              size <20.74> substituted on input line 89.


LaTeX Font Warning: Font shape `T2A/cmr/m/n' in size <16> not available
(Font)              size <17.28> substituted on input line 89.


LaTeX Font Warning: Font shape `T2A/cmr/m/sl' in size <16> not available
(Font)              size <17.28> substituted on input line 89.

ABD: EveryShipout initializing macros
Package caption Info: Begin \AtBeginDocument code.
Package caption Info: hyperref package is loaded.
Package caption Info: End \AtBeginDocument code.
\AtBeginShipoutBox=\box35
Package hyperref Info: Link coloring OFF on input line 89.

(/usr/share/texmf-dist/tex/latex/hyperref/nameref.sty
Package: nameref 2012/10/27 v2.43 Cross-referencing by name of section

(/usr/share/texmf-dist/tex/generic/oberdiek/gettitlestring.sty
Package: gettitlestring 2010/12/03 v1.4 Cleanup title references (HO)
)
\c@section@level=\count152
)
LaTeX Info: Redefining \ref on input line 89.
LaTeX Info: Redefining \pageref on input line 89.
LaTeX Info: Redefining \nameref on input line 89.

(/home/diman/texmf/tex/latex/eskdx/Diplom.out)
(/home/diman/texmf/tex/latex/eskdx/Diplom.out)
\@outlinefile=\write3
\openout3 = `Diplom.out'.

LaTeX Font Info:    Redeclaring font encoding T2A on input line 89.


LaTeX Font Warning: Font shape `T2A/cmr/bx/sl' in size <16> not available
(Font)              size <17.28> substituted on input line 91.

Package babel Info: Redefining russian shorthand "|
(babel)             in language  on input line 91.
Package babel Info: Redefining russian shorthand "~
(babel)             in language  on input line 91.
Package babel Info: Redefining russian shorthand "|
(babel)             in language  on input line 91.
Package babel Info: Redefining russian shorthand "~
(babel)             in language  on input line 91.
[1

{/var/lib/texmf/fonts/map/pdftex/updmap/pdftex.map}]
Package babel Info: Redefining russian shorthand "|
(babel)             in language  on input line 105.
Package babel Info: Redefining russian shorthand "~
(babel)             in language  on input line 105.
Package babel Info: Redefining russian shorthand "|
(babel)             in language  on input line 105.
Package babel Info: Redefining russian shorthand "~
(babel)             in language  on input line 105.
 [2


]
(/home/diman/texmf/tex/latex/eskdx/Diplom.toc)
\tf@toc=\write4
\openout4 = `Diplom.toc'.

Package babel Info: Redefining russian shorthand "|
(babel)             in language  on input line 111.
Package babel Info: Redefining russian shorthand "~
(babel)             in language  on input line 111.
Package babel Info: Redefining russian shorthand "|
(babel)             in language  on input line 111.
Package babel Info: Redefining russian shorthand "~
(babel)             in language  on input line 111.
 [3]
Package babel Info: Redefining russian shorthand "|
(babel)             in language  on input line 116.
Package babel Info: Redefining russian shorthand "~
(babel)             in language  on input line 116.
Package babel Info: Redefining russian shorthand "|
(babel)             in language  on input line 144.
Package babel Info: Redefining russian shorthand "~
(babel)             in language  on input line 144.
Package babel Info: Redefining russian shorthand "|
(babel)             in language  on input line 144.
Package babel Info: Redefining russian shorthand "~
(babel)             in language  on input line 144.
 [4]
Package babel Info: Redefining russian shorthand "|
(babel)             in language  on input line 147.
Package babel Info: Redefining russian shorthand "~
(babel)             in language  on input line 147.
Package babel Info: Redefining russian shorthand "|
(babel)             in language  on input line 150.
Package babel Info: Redefining russian shorthand "~
(babel)             in language  on input line 150.
Package babel Info: Redefining russian shorthand "|
(babel)             in language  on input line 188.
Package babel Info: Redefining russian shorthand "~
(babel)             in language  on input line 188.
Package babel Info: Redefining russian shorthand "|
(babel)             in language  on input line 196.
Package babel Info: Redefining russian shorthand "~
(babel)             in language  on input line 196.
Package babel Info: Redefining russian shorthand "|
(babel)             in language  on input line 196.
Package babel Info: Redefining russian shorthand "~
(babel)             in language  on input line 196.
 [5]
Underfull \hbox (badness 10000) in paragraph at lines 231--232
[]\T2A/cmr/m/n/14.4 Теперь рас-смот-рим про-цесс ка-та-ло-ги-за-ции ани-ме в пр
о-грам-ме
 []

Package babel Info: Redefining russian shorthand "|
(babel)             in language  on input line 233.
Package babel Info: Redefining russian shorthand "~
(babel)             in language  on input line 233.
Package babel Info: Redefining russian shorthand "|
(babel)             in language  on input line 233.
Package babel Info: Redefining russian shorthand "~
(babel)             in language  on input line 233.
[6]
Package babel Info: Redefining russian shorthand "|
(babel)             in language  on input line 264.
Package babel Info: Redefining russian shorthand "~
(babel)             in language  on input line 264.
Package babel Info: Redefining russian shorthand "|
(babel)             in language  on input line 277.
Package babel Info: Redefining russian shorthand "~
(babel)             in language  on input line 277.
Package babel Info: Redefining russian shorthand "|
(babel)             in language  on input line 277.
Package babel Info: Redefining russian shorthand "~
(babel)             in language  on input line 277.
 [7]
Package babel Info: Redefining russian shorthand "|
(babel)             in language  on input line 297.
Package babel Info: Redefining russian shorthand "~
(babel)             in language  on input line 297.
Package babel Info: Redefining russian shorthand "|
(babel)             in language  on input line 297.
Package babel Info: Redefining russian shorthand "~
(babel)             in language  on input line 297.
 [8]
Package babel Info: Redefining russian shorthand "|
(babel)             in language  on input line 306.
Package babel Info: Redefining russian shorthand "~
(babel)             in language  on input line 306.
Package babel Info: Redefining russian shorthand "|
(babel)             in language  on input line 328.
Package babel Info: Redefining russian shorthand "~
(babel)             in language  on input line 328.
Package babel Info: Redefining russian shorthand "|
(babel)             in language  on input line 328.
Package babel Info: Redefining russian shorthand "~
(babel)             in language  on input line 328.
 [9]
Package babel Info: Redefining russian shorthand "|
(babel)             in language  on input line 354.
Package babel Info: Redefining russian shorthand "~
(babel)             in language  on input line 354.
Package babel Info: Redefining russian shorthand "|
(babel)             in language  on input line 357.
Package babel Info: Redefining russian shorthand "~
(babel)             in language  on input line 357.
Package babel Info: Redefining russian shorthand "|
(babel)             in language  on input line 366.
Package babel Info: Redefining russian shorthand "~
(babel)             in language  on input line 366.
Package babel Info: Redefining russian shorthand "|
(babel)             in language  on input line 366.
Package babel Info: Redefining russian shorthand "~
(babel)             in language  on input line 366.
 [10]
Package babel Info: Redefining russian shorthand "|
(babel)             in language  on input line 389.
Package babel Info: Redefining russian shorthand "~
(babel)             in language  on input line 389.
Package babel Info: Redefining russian shorthand "|
(babel)             in language  on input line 389.
Package babel Info: Redefining russian shorthand "~
(babel)             in language  on input line 389.
 [11]
Package babel Info: Redefining russian shorthand "|
(babel)             in language  on input line 392.
Package babel Info: Redefining russian shorthand "~
(babel)             in language  on input line 392.
Package babel Info: Redefining russian shorthand "|
(babel)             in language  on input line 395.
Package babel Info: Redefining russian shorthand "~
(babel)             in language  on input line 395.

<git-branches.png, id=163, 613.29124pt x 818.05624pt>
File: git-branches.png Graphic file (type png)
 <use git-branches.png>
Package pdftex.def Info: git-branches.png used on input line 434.
(pdftex.def)             Requested size: 214.65514pt x 286.32397pt.
Package babel Info: Redefining russian shorthand "|
(babel)             in language  on input line 463.
Package babel Info: Redefining russian shorthand "~
(babel)             in language  on input line 463.
Package babel Info: Redefining russian shorthand "|
(babel)             in language  on input line 463.
Package babel Info: Redefining russian shorthand "~
(babel)             in language  on input line 463.

[12]

LaTeX Warning: Reference `fig:=00041C=00043E=000434=000435=00043B=00044C-=00043
2=000435=000442=000432=00043B=000435=00043D=000438=00044F' on page 13 undefined
 on input line 469.

Package babel Info: Redefining russian shorthand "|
(babel)             in language  on input line 471.
Package babel Info: Redefining russian shorthand "~
(babel)             in language  on input line 471.
Package babel Info: Redefining russian shorthand "|
(babel)             in language  on input line 471.
Package babel Info: Redefining russian shorthand "~
(babel)             in language  on input line 471.
[13 <./git-branches.png>]
Package babel Info: Redefining russian shorthand "|
(babel)             in language  on input line 473.
Package babel Info: Redefining russian shorthand "~
(babel)             in language  on input line 473.


LaTeX Warning: Reference `fig:=00041F=000440=000438=00043C=000435=000440-=00043
8=000441=00043F=00043E=00043B=00044C=000437=00043E=000432=000430=00043D=000438=
00044F-Doxygen' on page 14 undefined on input line 504.

Package babel Info: Redefining russian shorthand "|
(babel)             in language  on input line 507.
Package babel Info: Redefining russian shorthand "~
(babel)             in language  on input line 507.
Package babel Info: Redefining russian shorthand "|
(babel)             in language  on input line 507.
Package babel Info: Redefining russian shorthand "~
(babel)             in language  on input line 507.
[14] <doxygen.png, id=179, 977.6525pt x 457.71pt>
File: doxygen.png Graphic file (type png)
 <use doxygen.png>
Package pdftex.def Info: doxygen.png used on input line 510.
(pdftex.def)             Requested size: 977.65012pt x 457.7089pt.

Overfull \hbox (468.34573pt too wide) in paragraph at lines 510--511
 [][] 
 []

Package babel Info: Redefining russian shorthand "|
(babel)             in language  on input line 525.
Package babel Info: Redefining russian shorthand "~
(babel)             in language  on input line 525.
Package babel Info: Redefining russian shorthand "|
(babel)             in language  on input line 525.
Package babel Info: Redefining russian shorthand "~
(babel)             in language  on input line 525.
[15 <./doxygen.png>]
Package babel Info: Redefining russian shorthand "|
(babel)             in language  on input line 542.
Package babel Info: Redefining russian shorthand "~
(babel)             in language  on input line 542.
Package babel Info: Redefining russian shorthand "|
(babel)             in language  on input line 566.
Package babel Info: Redefining russian shorthand "~
(babel)             in language  on input line 566.
Package babel Info: Redefining russian shorthand "|
(babel)             in language  on input line 566.
Package babel Info: Redefining russian shorthand "~
(babel)             in language  on input line 566.
 [16]
Package babel Info: Redefining russian shorthand "|
(babel)             in language  on input line 592.
Package babel Info: Redefining russian shorthand "~
(babel)             in language  on input line 592.
Package babel Info: Redefining russian shorthand "|
(babel)             in language  on input line 598.
Package babel Info: Redefining russian shorthand "~
(babel)             in language  on input line 598.
Package babel Info: Redefining russian shorthand "|
(babel)             in language  on input line 604.
Package babel Info: Redefining russian shorthand "~
(babel)             in language  on input line 604.
Package babel Info: Redefining russian shorthand "|
(babel)             in language  on input line 613.
Package babel Info: Redefining russian shorthand "~
(babel)             in language  on input line 613.
Package babel Info: Redefining russian shorthand "|
(babel)             in language  on input line 632.
Package babel Info: Redefining russian shorthand "~
(babel)             in language  on input line 632.
Package babel Info: Redefining russian shorthand "|
(babel)             in language  on input line 632.
Package babel Info: Redefining russian shorthand "~
(babel)             in language  on input line 632.
 [17]
Package babel Info: Redefining russian shorthand "|
(babel)             in language  on input line 645.
Package babel Info: Redefining russian shorthand "~
(babel)             in language  on input line 645.
Package babel Info: Redefining russian shorthand "|
(babel)             in language  on input line 645.
Package babel Info: Redefining russian shorthand "~
(babel)             in language  on input line 645.
 [18]
Package babel Info: Redefining russian shorthand "|
(babel)             in language  on input line 678.
Package babel Info: Redefining russian shorthand "~
(babel)             in language  on input line 678.
Package babel Info: Redefining russian shorthand "|
(babel)             in language  on input line 678.
Package babel Info: Redefining russian shorthand "~
(babel)             in language  on input line 678.
 [19]
Package babel Info: Redefining russian shorthand "|
(babel)             in language  on input line 710.
Package babel Info: Redefining russian shorthand "~
(babel)             in language  on input line 710.
Package babel Info: Redefining russian shorthand "|
(babel)             in language  on input line 710.
Package babel Info: Redefining russian shorthand "~
(babel)             in language  on input line 710.
 [20]
Package babel Info: Redefining russian shorthand "|
(babel)             in language  on input line 748.
Package babel Info: Redefining russian shorthand "~
(babel)             in language  on input line 748.
Package babel Info: Redefining russian shorthand "|
(babel)             in language  on input line 748.
Package babel Info: Redefining russian shorthand "~
(babel)             in language  on input line 748.
 [21]
Underfull \hbox (badness 3417) in paragraph at lines 759--763
[]\T2A/cmr/m/n/14.4 Наиболее из-вест-ные ста-ти-че-ские ана-ли-за-то-ры вы-пус-
ка-ют ком-па-нии
 []

Package babel Info: Redefining russian shorthand "|
(babel)             in language  on input line 778.
Package babel Info: Redefining russian shorthand "~
(babel)             in language  on input line 778.
Package babel Info: Redefining russian shorthand "|
(babel)             in language  on input line 778.
Package babel Info: Redefining russian shorthand "~
(babel)             in language  on input line 778.
[22]
Package babel Info: Redefining russian shorthand "|
(babel)             in language  on input line 779.
Package babel Info: Redefining russian shorthand "~
(babel)             in language  on input line 779.
 
AED: lastpage setting LastPage
Package babel Info: Redefining russian shorthand "|
(babel)             in language  on input line 802.
Package babel Info: Redefining russian shorthand "~
(babel)             in language  on input line 802.
Package babel Info: Redefining russian shorthand "|
(babel)             in language  on input line 802.
Package babel Info: Redefining russian shorthand "~
(babel)             in language  on input line 802.
[23]
Package babel Info: Redefining russian shorthand "|
(babel)             in language  on input line 802.
Package babel Info: Redefining russian shorthand "~
(babel)             in language  on input line 802.
Package atveryend Info: Empty hook `BeforeClearDocument' on input line 802.
Package atveryend Info: Empty hook `AfterLastShipout' on input line 802.
 (./Diplom.aux)
Package atveryend Info: Executing hook `AtVeryEndDocument' on input line 802.
Package atveryend Info: Executing hook `AtEndAfterFileList' on input line 802.


Package rerunfilecheck Warning: File `Diplom.out' has changed.
(rerunfilecheck)                Rerun to get outlines right
(rerunfilecheck)                or use package `bookmark'.

Package rerunfilecheck Info: Checksums for `Diplom.out':
(rerunfilecheck)             Before: 09B43D584312D6515307A75C037249D7;4286
(rerunfilecheck)             After:  57B57233355632D22B5E5507348647CA;3732.

LaTeX Font Warning: Size substitutions with differences
(Font)              up to 1.28pt have occurred.


LaTeX Warning: There were undefined references.


LaTeX Warning: Label(s) may have changed. Rerun to get cross-references right.

Package atveryend Info: Empty hook `AtVeryVeryEnd' on input line 802.
 ) 
Here is how much of TeX's memory you used:
 12497 strings out of 493108
 183472 string characters out of 6140725
 272067 words of memory out of 5000000
 15682 multiletter control sequences out of 15000+600000
 13268 words of font info for 29 fonts, out of 8000000 for 9000
 1141 hyphenation exceptions out of 8191
 50i,11n,42p,852b,407s stack positions out of 5000i,500n,10000p,200000b,80000s
pdfTeX warning (dest): name{section*.5} has been referenced but does not exis
t, replaced by a fixed one

pdfTeX warning (dest): name{subsection.1.7} has been referenced but does not ex
ist, replaced by a fixed one

pdfTeX warning (dest): name{section*.1} has been referenced but does not exist,
 replaced by a fixed one

{/usr/share/texmf-dist/fonts/enc/dvips/cm-super/cm-super-t2a.enc}</usr/share/te
xmf-dist/fonts/type1/public/cm-super/sfbl1728.pfb></usr/share/texmf-dist/fonts/
type1/public/cm-super/sfbx1440.pfb></usr/share/texmf-dist/fonts/type1/public/cm
-super/sfrm1000.pfb></usr/share/texmf-dist/fonts/type1/public/cm-super/sfrm1440
.pfb></usr/share/texmf-dist/fonts/type1/public/cm-super/sfsl1000.pfb></usr/shar
e/texmf-dist/fonts/type1/public/cm-super/sfsl1728.pfb></usr/share/texmf-dist/fo
nts/type1/public/cm-super/sfsl2074.pfb>
Output written on Diplom.pdf (23 pages, 391259 bytes).
PDF statistics:
 281 PDF objects out of 1000 (max. 8388607)
 243 compressed objects within 3 object streams
 73 named destinations out of 1000 (max. 500000)
 155 words of extra memory for PDF output out of 10000 (max. 10000000)

